Starting Dynare (version 4.5.5).
Starting preprocessing of the model file ...
Substitution of endo lags >= 2: added 6 auxiliary variables and equations.
Found 33 equation(s).
Evaluating expressions...done
Computing static model derivatives:
 - order 1
Computing dynamic model derivatives:
 - order 1
 - order 2
Processing outputs ...
done
Preprocessing completed.

EIGENVALUES:
         Modulus             Real        Imaginary

       1.314e-16        1.314e-16                0
       4.888e-16        4.888e-16                0
        2.03e-08        4.156e-17         2.03e-08
        2.03e-08        4.156e-17        -2.03e-08
          0.1005          -0.1005                0
          0.1983           0.1983                0
           0.529            0.529                0
             0.6             -0.6                0
             0.6             -0.6                0
             0.6             -0.6                0
            0.75             0.75                0
          0.8229           0.8229                0
             0.9              0.9                0
             0.9              0.9                0
               1                1                0
               1                1                0
               1                1                0
           1.007            1.007                0
           1.157             1.15           0.1244
           1.157             1.15          -0.1244
           1.252           -1.252                0
           1.337            1.337                0
             1.5              1.5                0
             1.5              1.5                0
             1.5              1.5                0
            2.13             2.13                0
       9.796e+17       -9.796e+17                0
       1.505e+19        1.505e+19                0


There are 11 eigenvalue(s) larger than 1 in modulus 
for 7 forward-looking variable(s)

The rank condition ISN'T verified!


STEADY-STATE RESULTS:

pd                		 0
pc                		 0
c                 		 0
d                 		 0
rl                		 0
l                 		 0
w                 		 0
y                 		 0
a                 		 0
inv               		 0
phi_h             		 0
vn                		 0
vd                		 0
cm_h              		 0
p_h               		 0
ti                		 0
e                 		 0
b                 		 0
r                 		 0
q                 		 0
tau               		 0
yd                		 0
phic              		 0
phistar_f         		 0
ystar             		 0
rstar             		 0
v                 		 0
Total computing time : 0h00m01s
